This is pdfTeX, Version 3.141592653-2.6-1.40.27 (MiKTeX 25.4) (preloaded format=pdflatex 2025.6.15)  26 JUN 2025 20:25
entering extended mode
 restricted \write18 enabled.
 file:line:error style messages enabled.
 %&-line parsing enabled.
**c:/Users/Yevhenii/Downloads/DotA2_TMS/ProjectLatex/praca.tex
(c:/Users/Yevhenii/Downloads/DotA2_TMS/ProjectLatex/praca.tex
LaTeX2e <2025-06-01>
L3 programming layer <2024-01-04>
(urdpl.cls *** [urdpl.cls] --- (ZG, EZ) v1.0 <19.09.2024> ***
Document Class: urdpl 
(D:\Apps\MIKTeX\tex/latex/base\report.cls
Document Class: report 2025/01/22 v1.4n Standard LaTeX document class
(D:\Apps\MIKTeX\tex/latex/base\size10.clo
File: size10.clo 2025/01/22 v1.4n Standard LaTeX file (size option)
)
\c@part=\count197
\c@chapter=\count198
\c@section=\count199
\c@subsection=\count266
\c@subsubsection=\count267
\c@paragraph=\count268
\c@subparagraph=\count269
\c@figure=\count270
\c@table=\count271
\abovecaptionskip=\skip49
\belowcaptionskip=\skip50
\bibindent=\dimen143
) (D:\Apps\MIKTeX\tex/latex/psnfss\times.sty
Package: times 2020/03/25 PSNFSS-v9.3 (SPQR) 
) (D:\Apps\MIKTeX\tex/latex/base\fontenc.sty
Package: fontenc 2024/12/21 v2.1c Standard LaTeX package
LaTeX Font Info:    Trying to load font information for T1+ptm on input line 116.
 (D:\Apps\MIKTeX\tex/latex/psnfss\t1ptm.fd
File: t1ptm.fd 2001/06/04 font definitions for T1/ptm.
)) (D:\Apps\MIKTeX\tex/latex/graphics\graphicx.sty
Package: graphicx 2024/12/31 v1.2e Enhanced LaTeX Graphics (DPC,SPQR)
 (D:\Apps\MIKTeX\tex/latex/graphics\keyval.sty
Package: keyval 2022/05/29 v1.15 key=value parser (DPC)
\KV@toks@=\toks17
) (D:\Apps\MIKTeX\tex/latex/graphics\graphics.sty
Package: graphics 2024/08/06 v1.4g Standard LaTeX Graphics (DPC,SPQR)
 (D:\Apps\MIKTeX\tex/latex/graphics\trig.sty
Package: trig 2023/12/02 v1.11 sin cos tan (DPC)
) (D:\Apps\MIKTeX\tex/latex/graphics-cfg\graphics.cfg
File: graphics.cfg 2016/06/04 v1.11 sample graphics configuration
)
Package graphics Info: Driver file: pdftex.def on input line 106.
 (D:\Apps\MIKTeX\tex/latex/graphics-def\pdftex.def
File: pdftex.def 2024/04/13 v1.2c Graphics/color driver for pdftex
))
\Gin@req@height=\dimen144
\Gin@req@width=\dimen145
) (D:\Apps\MIKTeX\tex/latex/geometry\geometry.sty
Package: geometry 2020/01/02 v5.9 Page Geometry
 (D:\Apps\MIKTeX\tex/generic/iftex\ifvtex.sty
Package: ifvtex 2019/10/25 v1.7 ifvtex legacy package. Use iftex instead.
 (D:\Apps\MIKTeX\tex/generic/iftex\iftex.sty
Package: iftex 2024/12/12 v1.0g TeX engine tests
))
\Gm@cnth=\count272
\Gm@cntv=\count273
\c@Gm@tempcnt=\count274
\Gm@bindingoffset=\dimen146
\Gm@wd@mp=\dimen147
\Gm@odd@mp=\dimen148
\Gm@even@mp=\dimen149
\Gm@layoutwidth=\dimen150
\Gm@layoutheight=\dimen151
\Gm@layouthoffset=\dimen152
\Gm@layoutvoffset=\dimen153
\Gm@dimlist=\toks18
 (D:\Apps\MIKTeX\tex/latex/geometry\geometry.cfg)) (D:\Apps\MIKTeX\tex/latex/graphics\color.sty
Package: color 2025/01/14 v1.3e Standard LaTeX Color (DPC)
 (D:\Apps\MIKTeX\tex/latex/graphics-cfg\color.cfg
File: color.cfg 2016/01/02 v1.6 sample color configuration
)
Package color Info: Driver file: pdftex.def on input line 149.
 (D:\Apps\MIKTeX\tex/latex/graphics\mathcolor.ltx)) (D:\Apps\MIKTeX\tex/latex/fancyhdr\fancyhdr.sty
Package: fancyhdr 2025/02/07 v5.2 Extensive control of page headers and footers
\f@nch@headwidth=\skip51
\f@nch@offset@elh=\skip52
\f@nch@offset@erh=\skip53
\f@nch@offset@olh=\skip54
\f@nch@offset@orh=\skip55
\f@nch@offset@elf=\skip56
\f@nch@offset@erf=\skip57
\f@nch@offset@olf=\skip58
\f@nch@offset@orf=\skip59
\f@nch@height=\skip60
\f@nch@footalignment=\skip61
\f@nch@widthL=\skip62
\f@nch@widthC=\skip63
\f@nch@widthR=\skip64
\@temptokenb=\toks19
) (D:\Apps\MIKTeX\tex/latex/url\url.sty
\Urlmuskip=\muskip17
Package: url 2013/09/16  ver 3.4  Verb mode for urls, etc.
) (D:\Apps\MIKTeX\tex/latex/titlesec\titlesec.sty
Package: titlesec 2025/01/04 v2.17 Sectioning titles
\ttl@box=\box52
\beforetitleunit=\skip65
\aftertitleunit=\skip66
\ttl@plus=\dimen154
\ttl@minus=\dimen155
\ttl@toksa=\toks20
\titlewidth=\dimen156
\titlewidthlast=\dimen157
\titlewidthfirst=\dimen158
) (D:\Apps\MIKTeX\tex/latex/tocloft\tocloft.sty
Package: tocloft 2017/08/31 v2.3i parameterised ToC, etc., typesetting
Package tocloft Info: The document has chapter divisions on input line 51.
\cftparskip=\skip67
\cftbeforetoctitleskip=\skip68
\cftaftertoctitleskip=\skip69
\cftbeforepartskip=\skip70
\cftpartnumwidth=\skip71
\cftpartindent=\skip72
\cftbeforechapskip=\skip73
\cftchapindent=\skip74
\cftchapnumwidth=\skip75
\cftbeforesecskip=\skip76
\cftsecindent=\skip77
\cftsecnumwidth=\skip78
\cftbeforesubsecskip=\skip79
\cftsubsecindent=\skip80
\cftsubsecnumwidth=\skip81
\cftbeforesubsubsecskip=\skip82
\cftsubsubsecindent=\skip83
\cftsubsubsecnumwidth=\skip84
\cftbeforeparaskip=\skip85
\cftparaindent=\skip86
\cftparanumwidth=\skip87
\cftbeforesubparaskip=\skip88
\cftsubparaindent=\skip89
\cftsubparanumwidth=\skip90
\cftbeforeloftitleskip=\skip91
\cftafterloftitleskip=\skip92
\cftbeforefigskip=\skip93
\cftfigindent=\skip94
\cftfignumwidth=\skip95
\c@lofdepth=\count275
\c@lotdepth=\count276
\cftbeforelottitleskip=\skip96
\cftafterlottitleskip=\skip97
\cftbeforetabskip=\skip98
\cfttabindent=\skip99
\cfttabnumwidth=\skip100
) (D:\Apps\MIKTeX\tex/latex/caption\caption.sty
Package: caption 2023/08/05 v3.6o Customizing captions (AR)
 (D:\Apps\MIKTeX\tex/latex/caption\caption3.sty
Package: caption3 2023/07/31 v2.4d caption3 kernel (AR)
\caption@tempdima=\dimen159
\captionmargin=\dimen160
\caption@leftmargin=\dimen161
\caption@rightmargin=\dimen162
\caption@width=\dimen163
\caption@indent=\dimen164
\caption@parindent=\dimen165
\caption@hangindent=\dimen166
Package caption Info: Standard document class detected.
)
\c@caption@flags=\count277
\c@continuedfloat=\count278
) (D:\Apps\MIKTeX\tex/latex/caption\subcaption.sty
Package: subcaption 2023/07/28 v1.6b Sub-captions (AR)
Package caption Info: New subtype `subfigure' on input line 238.
\c@subfigure=\count279
Package caption Info: New subtype `subtable' on input line 238.
\c@subtable=\count280
) (D:\Apps\MIKTeX\tex/latex/siunitx\siunitx.sty
Package: siunitx 2025-05-22 v3.4.12 A comprehensive (SI) units package
\l__siunitx_number_uncert_offset_int=\count281
\l__siunitx_number_exponent_fixed_int=\count282
\l__siunitx_number_min_decimal_int=\count283
\l__siunitx_number_min_integer_int=\count284
\l__siunitx_number_round_precision_int=\count285
\l__siunitx_number_lower_threshold_int=\count286
\l__siunitx_number_upper_threshold_int=\count287
\l__siunitx_number_group_first_int=\count288
\l__siunitx_number_group_size_int=\count289
\l__siunitx_number_group_minimum_int=\count290
\l__siunitx_angle_tmp_dim=\dimen167
\l__siunitx_angle_marker_box=\box53
\l__siunitx_angle_unit_box=\box54
\l__siunitx_compound_count_int=\count291
 (D:\Apps\MIKTeX\tex/latex/translations\translations.sty
Package: translations 2022/02/05 v1.12 internationalization of LaTeX2e packages (CN)
 (D:\Apps\MIKTeX\tex/latex/etoolbox\etoolbox.sty
Package: etoolbox 2025/02/11 v2.5l e-TeX tools for LaTeX (JAW)
\etb@tempcnta=\count292
) (D:\Apps\MIKTeX\tex/generic/pdftexcmds\pdftexcmds.sty
Package: pdftexcmds 2020-06-27 v0.33 Utility functions of pdfTeX for LuaTeX (HO)
 (D:\Apps\MIKTeX\tex/generic/infwarerr\infwarerr.sty
Package: infwarerr 2019/12/03 v1.5 Providing info/warning/error messages (HO)
) (D:\Apps\MIKTeX\tex/generic/ltxcmds\ltxcmds.sty
Package: ltxcmds 2023-12-04 v1.26 LaTeX kernel commands for general use (HO)
)
Package pdftexcmds Info: \pdf@primitive is available.
Package pdftexcmds Info: \pdf@ifprimitive is available.
Package pdftexcmds Info: \pdfdraftmode found.
)) (D:\Apps\MIKTeX\tex/latex/amsmath\amstext.sty
Package: amstext 2024/11/17 v2.01 AMS text
 (D:\Apps\MIKTeX\tex/latex/amsmath\amsgen.sty
File: amsgen.sty 1999/11/30 v2.0 generic functions
\@emptytoks=\toks21
\ex@=\dimen168
))
\l__siunitx_table_tmp_box=\box55
\l__siunitx_table_tmp_dim=\dimen169
\l__siunitx_table_column_width_dim=\dimen170
\l__siunitx_table_integer_box=\box56
\l__siunitx_table_decimal_box=\box57
\l__siunitx_table_uncert_box=\box58
\l__siunitx_table_before_box=\box59
\l__siunitx_table_after_box=\box60
\l__siunitx_table_before_dim=\dimen171
\l__siunitx_table_carry_dim=\dimen172
\l__siunitx_unit_tmp_int=\count293
\l__siunitx_unit_position_int=\count294
\l__siunitx_unit_total_int=\count295
 (D:\Apps\MIKTeX\tex/latex/tools\array.sty
Package: array 2025/05/19 v2.6i Tabular extension package (FMi)
\col@sep=\dimen173
\ar@mcellbox=\box61
\extrarowheight=\dimen174
\NC@list=\toks22
\extratabsurround=\skip101
\backup@length=\skip102
\ar@cellbox=\box62
)) (D:\Apps\MIKTeX\tex/latex/tools\enumerate.sty
Package: enumerate 2023/07/04 v3.00 enumerate extensions (DPC)
\@enLab=\toks23
) (D:\Apps\MIKTeX\tex/latex/enumitem\enumitem.sty
Package: enumitem 2025/02/06 v3.11 Customized lists
\labelindent=\skip103
\enit@outerparindent=\dimen175
\enit@toks=\toks24
\enit@inbox=\box63
\enit@count@id=\count296
\enitdp@description=\count297
) (D:\Apps\MIKTeX\tex/latex/nowidow\nowidow.sty
Package: nowidow 2011/09/20 1.0 Easily prevent widows and orphans
Package: nowidow 
 (D:\Apps\MIKTeX\tex/latex/kvoptions\kvoptions.sty
Package: kvoptions 2022-06-15 v3.15 Key value format for package options (HO)
 (D:\Apps\MIKTeX\tex/latex/kvsetkeys\kvsetkeys.sty
Package: kvsetkeys 2022-10-05 v1.19 Key value parser (HO)
)))
\descriptiondashgap=\skip104
\eqwheremargin=\skip105
) (D:\Apps\MIKTeX\tex/generic/babel\babel.sty
Package: babel 2025/05/14 v25.9 The multilingual framework for pdfLaTeX, LuaLaTeX and XeLaTeX
\babel@savecnt=\count298
LaTeX Encoding Info:    Redeclaring text command \ij (encoding OT1) on input line 2043.
LaTeX Encoding Info:    Redeclaring text command \IJ (encoding OT1) on input line 2045.
LaTeX Encoding Info:    Redeclaring text command \ij (encoding T1) on input line 2047.
LaTeX Encoding Info:    Redeclaring text command \IJ (encoding T1) on input line 2048.
LaTeX Encoding Info:    Ignoring declaration for text command \ij (encoding ?) on input line 2049.
LaTeX Encoding Info:    Ignoring declaration for text command \IJ (encoding ?) on input line 2051.
LaTeX Encoding Info:    Ignoring declaration for text command \SS (encoding ?) on input line 2076.
\U@D=\dimen176
\l@unhyphenated=\language79
 (D:\Apps\MIKTeX\tex/generic/babel\txtbabel.def)
\bbl@readstream=\read2
\bbl@dirlevel=\count299

*************************************
* Local config file bblopts.cfg used
*
(D:\Apps\MIKTeX\tex/latex/arabi\bblopts.cfg
File: bblopts.cfg 2005/09/08 v0.1 add Arabic and Farsi to "declared" options of babel
) (D:\Apps\MIKTeX\tex/latex/babel-english\english.ldf
Language: english 2017/06/06 v3.3r English support from the babel system
 (D:\Apps\MIKTeX\tex/generic/babel/locale/en\babel-english.tex
Package babel Info: Importing font and identification data for english
(babel)             from babel-en.ini. Reported on input line 11.
)
Package babel Info: Hyphen rules for 'canadian' set to \l@english
(babel)             (\language0). Reported on input line 102.
Package babel Info: Hyphen rules for 'australian' set to \l@ukenglish
(babel)             (\language73). Reported on input line 105.
Package babel Info: Hyphen rules for 'newzealand' set to \l@ukenglish
(babel)             (\language73). Reported on input line 108.
) (D:\Apps\MIKTeX\tex/latex/babel-polish\polish.ldf
Language: polish 2022/03/12 1.3 Babel support for Polish
 (D:\Apps\MIKTeX\tex/generic/babel/locale/pl\babel-polish.tex
Package babel Info: Importing font and identification data for polish
(babel)             from babel-pl.ini. Reported on input line 11.
)
Package babel Info: Making " an active character on input line 101.
)) (D:\Apps\MIKTeX\tex/latex/polski\polski.sty
Package: polski 2021/08/25 v1.3.6 Polish language package
) (D:\Apps\MIKTeX\tex/latex/base\inputenc.sty
Package: inputenc 2024/02/08 v1.3d Input encoding file
\inpenc@prehook=\toks25
\inpenc@posthook=\toks26
) (D:\Apps\MIKTeX\tex/latex/hyperref\hyperref.sty
Package: hyperref 2025-05-20 v7.01m Hypertext links for LaTeX
 (D:\Apps\MIKTeX\tex/generic/kvdefinekeys\kvdefinekeys.sty
Package: kvdefinekeys 2019-12-19 v1.6 Define keys (HO)
) (D:\Apps\MIKTeX\tex/generic/pdfescape\pdfescape.sty
Package: pdfescape 2019/12/09 v1.15 Implements pdfTeX's escape features (HO)
) (D:\Apps\MIKTeX\tex/latex/hycolor\hycolor.sty
Package: hycolor 2020-01-27 v1.10 Color options for hyperref/bookmark (HO)
) (D:\Apps\MIKTeX\tex/latex/hyperref\nameref.sty
Package: nameref 2023-11-26 v2.56 Cross-referencing by name of section
 (D:\Apps\MIKTeX\tex/latex/refcount\refcount.sty
Package: refcount 2019/12/15 v3.6 Data extraction from label references (HO)
) (D:\Apps\MIKTeX\tex/generic/gettitlestring\gettitlestring.sty
Package: gettitlestring 2019/12/15 v1.6 Cleanup title references (HO)
)
\c@section@level=\count300
) (D:\Apps\MIKTeX\tex/generic/stringenc\stringenc.sty
Package: stringenc 2019/11/29 v1.12 Convert strings between diff. encodings (HO)
)
\@linkdim=\dimen177
\Hy@linkcounter=\count301
\Hy@pagecounter=\count302
 (D:\Apps\MIKTeX\tex/latex/hyperref\pd1enc.def
File: pd1enc.def 2025-05-20 v7.01m Hyperref: PDFDocEncoding definition (HO)
Now handling font encoding PD1 ...
... no UTF-8 mapping file for font encoding PD1
) (D:\Apps\MIKTeX\tex/generic/intcalc\intcalc.sty
Package: intcalc 2019/12/15 v1.3 Expandable calculations with integers (HO)
)
\Hy@SavedSpaceFactor=\count303
 (D:\Apps\MIKTeX\tex/latex/hyperref\puenc.def
File: puenc.def 2025-05-20 v7.01m Hyperref: PDF Unicode definition (HO)
Now handling font encoding PU ...
... no UTF-8 mapping file for font encoding PU
)
Package hyperref Info: Hyper figures OFF on input line 4157.
Package hyperref Info: Link nesting OFF on input line 4162.
Package hyperref Info: Hyper index ON on input line 4165.
Package hyperref Info: Plain pages OFF on input line 4172.
Package hyperref Info: Backreferencing OFF on input line 4177.
Package hyperref Info: Implicit mode ON; LaTeX internals redefined.
Package hyperref Info: Bookmarks ON on input line 4424.
\c@Hy@tempcnt=\count304
LaTeX Info: Redefining \url on input line 4763.
\XeTeXLinkMargin=\dimen178
 (D:\Apps\MIKTeX\tex/generic/bitset\bitset.sty
Package: bitset 2019/12/09 v1.3 Handle bit-vector datatype (HO)
 (D:\Apps\MIKTeX\tex/generic/bigintcalc\bigintcalc.sty
Package: bigintcalc 2019/12/15 v1.5 Expandable calculations on big integers (HO)
))
\Fld@menulength=\count305
\Field@Width=\dimen179
\Fld@charsize=\dimen180
Package hyperref Info: Hyper figures OFF on input line 6042.
Package hyperref Info: Link nesting OFF on input line 6047.
Package hyperref Info: Hyper index ON on input line 6050.
Package hyperref Info: backreferencing OFF on input line 6057.
Package hyperref Info: Link coloring OFF on input line 6062.
Package hyperref Info: Link coloring with OCG OFF on input line 6067.
Package hyperref Info: PDF/A mode OFF on input line 6072.
 (D:\Apps\MIKTeX\tex/latex/base\atbegshi-ltx.sty
Package: atbegshi-ltx 2021/01/10 v1.0c Emulation of the original atbegshi
package with kernel methods
)
\Hy@abspage=\count306
\c@Item=\count307
\c@Hfootnote=\count308
)
Package hyperref Info: Driver (autodetected): hpdftex.
 (D:\Apps\MIKTeX\tex/latex/hyperref\hpdftex.def
File: hpdftex.def 2025-05-20 v7.01m Hyperref driver for pdfTeX
\Fld@listcount=\count309
\c@bookmark@seq@number=\count310
 (D:\Apps\MIKTeX\tex/latex/rerunfilecheck\rerunfilecheck.sty
Package: rerunfilecheck 2022-07-10 v1.10 Rerun checks for auxiliary files (HO)
 (D:\Apps\MIKTeX\tex/latex/base\atveryend-ltx.sty
Package: atveryend-ltx 2020/08/19 v1.0a Emulation of the original atveryend package
with kernel methods
) (D:\Apps\MIKTeX\tex/generic/uniquecounter\uniquecounter.sty
Package: uniquecounter 2019/12/15 v1.4 Provide unlimited unique counter (HO)
)
Package uniquecounter Info: New unique counter `rerunfilecheck' on input line 285.
)
\Hy@SectionHShift=\skip106
) (D:\Apps\MIKTeX\tex/latex/float\float.sty
Package: float 2001/11/08 v1.3d Float enhancements (AL)
\c@float@type=\count311
\float@exts=\toks27
\float@box=\box64
\@float@everytoks=\toks28
\@floatcapt=\box65
) (D:\Apps\MIKTeX\tex/latex/listings\listings.sty
\lst@mode=\count312
\lst@gtempboxa=\box66
\lst@token=\toks29
\lst@length=\count313
\lst@currlwidth=\dimen181
\lst@column=\count314
\lst@pos=\count315
\lst@lostspace=\dimen182
\lst@width=\dimen183
\lst@newlines=\count316
\lst@lineno=\count317
\lst@maxwidth=\dimen184
 (D:\Apps\MIKTeX\tex/latex/listings\lstpatch.sty
File: lstpatch.sty 2024/09/23 1.10c (Carsten Heinz)
) (D:\Apps\MIKTeX\tex/latex/listings\lstmisc.sty
File: lstmisc.sty 2024/09/23 1.10c (Carsten Heinz)
\c@lstnumber=\count318
\lst@skipnumbers=\count319
\lst@framebox=\box67
) (D:\Apps\MIKTeX\tex/latex/listings\listings.cfg
File: listings.cfg 2024/09/23 1.10c listings configuration
))
Package: listings 2024/09/23 1.10c (Carsten Heinz)
 (D:\Apps\MIKTeX\tex/latex/multirow\multirow.sty
Package: multirow 2024/11/12 v2.9 Span multiple rows of a table
\multirow@colwidth=\skip107
\multirow@cntb=\count320
\multirow@dima=\skip108
\bigstrutjot=\dimen185
) (D:\Apps\MIKTeX\tex/latex/tools\tabularx.sty
Package: tabularx 2023/12/11 v2.12a `tabularx' package (DPC)
\TX@col@width=\dimen186
\TX@old@table=\dimen187
\TX@old@col=\dimen188
\TX@target=\dimen189
\TX@delta=\dimen190
\TX@cols=\count321
\TX@ftn=\toks30
) (D:\Apps\MIKTeX\tex/latex/amsfonts\amssymb.sty
Package: amssymb 2013/01/14 v3.01 AMS font symbols
 (D:\Apps\MIKTeX\tex/latex/amsfonts\amsfonts.sty
Package: amsfonts 2013/01/14 v3.01 Basic AMSFonts support
\symAMSa=\mathgroup4
\symAMSb=\mathgroup5
LaTeX Font Info:    Redeclaring math symbol \hbar on input line 98.
LaTeX Font Info:    Overwriting math alphabet `\mathfrak' in version `bold'
(Font)                  U/euf/m/n --> U/euf/b/n on input line 106.
)) (D:\Apps\MIKTeX\tex/latex/xcolor\xcolor.sty
Package: xcolor 2024/09/29 v3.02 LaTeX color extensions (UK)
 (D:\Apps\MIKTeX\tex/latex/graphics-cfg\color.cfg
File: color.cfg 2016/01/02 v1.6 sample color configuration
)
Package xcolor Info: Driver file: pdftex.def on input line 274.
LaTeX Info: Redefining \color on input line 762.
 (D:\Apps\MIKTeX\tex/latex/graphics\mathcolor.ltx)
Package xcolor Info: Model `cmy' substituted by `cmy0' on input line 1349.
Package xcolor Info: Model `hsb' substituted by `rgb' on input line 1353.
Package xcolor Info: Model `RGB' extended on input line 1365.
Package xcolor Info: Model `HTML' substituted by `rgb' on input line 1367.
Package xcolor Info: Model `Hsb' substituted by `hsb' on input line 1368.
Package xcolor Info: Model `tHsb' substituted by `hsb' on input line 1369.
Package xcolor Info: Model `HSB' substituted by `hsb' on input line 1370.
Package xcolor Info: Model `Gray' substituted by `gray' on input line 1371.
Package xcolor Info: Model `wave' substituted by `hsb' on input line 1372.
) (D:\Apps\MIKTeX\tex/latex/makecell\makecell.sty
Package: makecell 2009/08/03 V0.1e Managing of Tab Column Heads and Cells
\rotheadsize=\dimen191
\c@nlinenum=\count322
\TeXr@lab=\toks31
) (D:\Apps\MIKTeX\tex/latex/threeparttable\threeparttable.sty
Package: threeparttable 2003/06/13  v 3.0
\@tempboxb=\box68
) (D:\Apps\MIKTeX\tex/latex/ulem\ulem.sty
\UL@box=\box69
\UL@hyphenbox=\box70
\UL@skip=\skip109
\UL@hook=\toks32
\UL@height=\dimen192
\UL@pe=\count323
\UL@pixel=\dimen193
\ULC@box=\box71
Package: ulem 2019/11/18
\ULdepth=\dimen194
) (D:\Apps\MIKTeX\tex/latex/lineno\lineno.sty
Package: lineno 2025/05/13 line numbers on paragraphs v5.5
\linenopenalty=\count324
\output=\toks33
\linenoprevgraf=\count325
\linenumbersep=\dimen195
\linenumberwidth=\dimen196
\c@linenumber=\count326
\c@pagewiselinenumber=\count327
\c@LN@truepage=\count328
\c@internallinenumber=\count329
\c@internallinenumbers=\count330
\quotelinenumbersep=\dimen197
\bframerule=\dimen198
\bframesep=\dimen199
\bframebox=\box72
) (D:\Apps\MIKTeX\tex/latex/pdfpages\pdfpages.sty
Package: pdfpages 2025/03/12 v0.6f Insert pages of external PDF documents (AM)
 (D:\Apps\MIKTeX\tex/latex/base\ifthen.sty
Package: ifthen 2024/03/16 v1.1e Standard LaTeX ifthen package (DPC)
) (D:\Apps\MIKTeX\tex/latex/tools\calc.sty
Package: calc 2025/03/01 v4.3b Infix arithmetic (KKT,FJ)
\calc@Acount=\count331
\calc@Bcount=\count332
\calc@Adimen=\dimen256
\calc@Bdimen=\dimen257
\calc@Askip=\skip110
\calc@Bskip=\skip111
LaTeX Info: Redefining \setlength on input line 86.
LaTeX Info: Redefining \addtolength on input line 87.
\calc@Ccount=\count333
\calc@Cskip=\skip112
) (D:\Apps\MIKTeX\tex/latex/eso-pic\eso-pic.sty
Package: eso-pic 2023/05/03 v3.0c eso-pic (RN)
\ESO@tempdima=\dimen258
\ESO@tempdimb=\dimen259
)
\AM@pagewidth=\dimen260
\AM@pageheight=\dimen261
\AM@fboxrule=\dimen262
 (D:\Apps\MIKTeX\tex/latex/pdfpages\pppdftex.def
File: pppdftex.def 2025/03/12 v0.6f Pdfpages driver for pdfTeX (AM)
)
\pdfpages@includegraphics@status=\count334
\AM@pagebox=\box73
\AM@global@opts=\toks34
\AM@pagecnt=\count335
\AM@toc@title=\toks35
\AM@lof@heading=\toks36
\c@AM@survey=\count336
\AM@templatesizebox=\box74
) (D:\Apps\MIKTeX\tex/latex/psnfss\courier.sty
Package: courier 2020/03/25 PSNFSS-v9.3 (WaS) 
) (D:\Apps\MIKTeX\tex/latex/listings\lstlang1.sty
File: lstlang1.sty 2024/09/23 1.10c listings language file
) (D:\Apps\MIKTeX\tex/latex/listings\lstlang2.sty
File: lstlang2.sty 2024/09/23 1.10c listings language file
) (D:\Apps\MIKTeX\tex/latex/listings\lstlang3.sty
File: lstlang3.sty 2024/09/23 1.10c listings language file
) (D:\Apps\MIKTeX\tex/latex/l3backend\l3backend-pdftex.def
File: l3backend-pdftex.def 2025-04-14 L3 backend support: PDF output (pdfTeX)
\l__color_backend_stack_int=\count337
) (praca.aux
Package babel Info: 'polish' activates 'polish' shorthands.
(babel)             Reported  on input line 8.
 (chapters/chapter001.aux) (chapters/chapter002.aux) (chapters/chapter003.aux

LaTeX Warning: Label `JavaListing' multiply defined.


LaTeX Warning: Label `JavaListing' multiply defined.


LaTeX Warning: Label `JavaListing' multiply defined.


LaTeX Warning: Label `JavaListing' multiply defined.


LaTeX Warning: Label `JavaListing' multiply defined.


LaTeX Warning: Label `JavaListing' multiply defined.


LaTeX Warning: Label `JavaListing' multiply defined.

) (chapters/chapter004.aux

LaTeX Warning: Label `fig2' multiply defined.

) (chapters/chapter005.aux

LaTeX Warning: Label `subfigure_a' multiply defined.


LaTeX Warning: Label `sub@subfigure_a' multiply defined.


LaTeX Warning: Label `subfigure_b' multiply defined.


LaTeX Warning: Label `sub@subfigure_b' multiply defined.


LaTeX Warning: Label `subfigure_c' multiply defined.


LaTeX Warning: Label `sub@subfigure_c' multiply defined.


LaTeX Warning: Label `fig:subcaption' multiply defined.


LaTeX Warning: Label `subfigure_name' multiply defined.


LaTeX Warning: Label `sub@subfigure_name' multiply defined.


LaTeX Warning: Label `fig:tournament_selection_fxml_edit' multiply defined.


LaTeX Warning: Label `sub@fig:tournament_selection_fxml_edit' multiply defined.


LaTeX Warning: Label `subfigure_name' multiply defined.


LaTeX Warning: Label `sub@subfigure_name' multiply defined.


LaTeX Warning: Label `fig:tournament_selection_fxml_edit' multiply defined.


LaTeX Warning: Label `sub@fig:tournament_selection_fxml_edit' multiply defined.


LaTeX Warning: Label `fig:tournament_selection_fxml_edit_form' multiply defined.

) (chapters/chapter006.aux))
\openout1 = `praca.aux'.

LaTeX Font Info:    Checking defaults for OML/cmm/m/it on input line 159.
LaTeX Font Info:    ... okay on input line 159.
LaTeX Font Info:    Checking defaults for OMS/cmsy/m/n on input line 159.
LaTeX Font Info:    ... okay on input line 159.
LaTeX Font Info:    Checking defaults for OT1/cmr/m/n on input line 159.
LaTeX Font Info:    ... okay on input line 159.
LaTeX Font Info:    Checking defaults for T1/cmr/m/n on input line 159.
LaTeX Font Info:    ... okay on input line 159.
LaTeX Font Info:    Checking defaults for TS1/cmr/m/n on input line 159.
LaTeX Font Info:    ... okay on input line 159.
LaTeX Font Info:    Checking defaults for OMX/cmex/m/n on input line 159.
LaTeX Font Info:    ... okay on input line 159.
LaTeX Font Info:    Checking defaults for U/cmr/m/n on input line 159.
LaTeX Font Info:    ... okay on input line 159.
LaTeX Font Info:    Checking defaults for PD1/pdf/m/n on input line 159.
LaTeX Font Info:    ... okay on input line 159.
LaTeX Font Info:    Checking defaults for PU/pdf/m/n on input line 159.
LaTeX Font Info:    ... okay on input line 159.
 (D:\Apps\MIKTeX\tex/context/base/mkii\supp-pdf.mkii
[Loading MPS to PDF converter (version 2006.09.02).]
\scratchcounter=\count338
\scratchdimen=\dimen263
\scratchbox=\box75
\nofMPsegments=\count339
\nofMParguments=\count340
\everyMPshowfont=\toks37
\MPscratchCnt=\count341
\MPscratchDim=\dimen264
\MPnumerator=\count342
\makeMPintoPDFobject=\count343
\everyMPtoPDFconversion=\toks38
) (D:\Apps\MIKTeX\tex/latex/epstopdf-pkg\epstopdf-base.sty
Package: epstopdf-base 2020-01-24 v2.11 Base part for package epstopdf
Package epstopdf-base Info: Redefining graphics rule for `.eps' on input line 485.
 (D:\Apps\MIKTeX\tex/latex/00miktex\epstopdf-sys.cfg
File: epstopdf-sys.cfg 2021/03/18 v2.0 Configuration of epstopdf for MiKTeX
))
*geometry* driver: auto-detecting
*geometry* detected driver: pdftex
*geometry* verbose mode - [ preamble ] result:
* driver: pdftex
* paper: <default>
* layout: <same size as paper>
* layoutoffset:(h,v)=(0.0pt,0.0pt)
* modes: twoside 
* h-part:(L,W,R)=(99.58464pt, 426.79135pt, 71.13188pt)
* v-part:(T,H,B)=(71.13188pt, 702.78308pt, 71.13188pt)
* \paperwidth=597.50787pt
* \paperheight=845.04684pt
* \textwidth=426.79135pt
* \textheight=702.78308pt
* \oddsidemargin=27.31465pt
* \evensidemargin=-1.1381pt
* \topmargin=-54.59085pt
* \headheight=28.45274pt
* \headsep=25.0pt
* \topskip=10.0pt
* \footskip=28.45274pt
* \marginparwidth=111.0pt
* \marginparsep=11.0pt
* \columnsep=10.0pt
* \skip\footins=9.0pt plus 4.0pt minus 2.0pt
* \hoffset=0.0pt
* \voffset=0.0pt
* \mag=1000
* \@twocolumnfalse
* \@twosidetrue
* \@mparswitchtrue
* \@reversemarginfalse
* (1in=72.27pt=25.4mm, 1cm=28.453pt)

Package caption Info: Begin \AtBeginDocument code.
Package caption Info: float package is loaded.
Package caption Info: hyperref package is loaded.
Package caption Info: listings package is loaded.
Package caption Info: threeparttable package is loaded.
Package caption Info: End \AtBeginDocument code.
(D:\Apps\MIKTeX\tex/latex/translations/dicts\translations-basic-dictionary-polish.trsl
File: translations-basic-dictionary-polish.trsl (polish translation file `translations-basic-dictionary')
)
Package translations Info: loading dictionary `translations-basic-dictionary' for `polish'. on input line 159.
 (D:\Apps\MIKTeX\tex/latex/translations/dicts\translations-basic-dictionary-english.trsl
File: translations-basic-dictionary-english.trsl (english translation file `translations-basic-dictionary')
)
Package translations Info: loading dictionary `translations-basic-dictionary' for `english'. on input line 159.
Package hyperref Info: Link coloring OFF on input line 159.
 (praca.out) (praca.out)
\@outlinefile=\write3
\openout3 = `praca.out'.

\c@lstlisting=\count344
 (D:\Apps\MIKTeX\tex/latex/pdflscape\pdflscape.sty
Package: pdflscape 2022-10-27 v0.13 Display of landscape pages in PDF
 (D:\Apps\MIKTeX\tex/latex/pdflscape\pdflscape-nometadata.sty
Package: pdflscape-nometadata 2022-10-28 v0.13 Display of landscape pages in PDF (HO)
 (D:\Apps\MIKTeX\tex/latex/graphics\lscape.sty
Package: lscape 2020/05/28 v3.02 Landscape Pages (DPC)
)
Package pdflscape Info: Auto-detected driver: pdftex on input line 81.
))
LaTeX Font Info:    Trying to load font information for T1+phv on input line 161.
 (D:\Apps\MIKTeX\tex/latex/psnfss\t1phv.fd
File: t1phv.fd 2020/03/25 scalable font definitions for T1/phv.
)
LaTeX Font Info:    Trying to load font information for U+msa on input line 161.
 (D:\Apps\MIKTeX\tex/latex/amsfonts\umsa.fd
File: umsa.fd 2013/01/14 v3.01 AMS symbols A
)
LaTeX Font Info:    Trying to load font information for U+msb on input line 161.
 (D:\Apps\MIKTeX\tex/latex/amsfonts\umsb.fd
File: umsb.fd 2013/01/14 v3.01 AMS symbols B
)
<figures/ur.jpg, id=106, 134.00063pt x 134.00063pt>
File: figures/ur.jpg Graphic file (type jpg)
<use figures/ur.jpg>
Package pdftex.def Info: figures/ur.jpg  used on input line 161.
(pdftex.def)             Requested size: 93.79977pt x 93.79977pt.

Overfull \hbox (1.90001pt too wide) in paragraph at lines 161--161
$[]$  $[]$ 
 []

LaTeX Font Info:    Font shape `T1/phv/m/it' in size <14.4> not available
(Font)              Font shape `T1/phv/m/sl' tried instead on input line 161.


[1

{C:/Users/Yevhenii/AppData/Local/MiKTeX/fonts/map/pdftex/pdftex.map}{D:/Apps/MIKTeX/fonts/enc/dvips/base/8r.enc} <./figures/ur.jpg>]


pdfTeX warning (ext4): destination with the same identifier (name{page.1}) has been already used, duplicate ignored
<to be read again> 
                   \relax 
l.161 \titlepages
                  [1


] (praca.toc)
\tf@toc=\write4
\openout4 = `praca.toc'.



[5

]
\openout2 = `chapters/chapter001.aux'.

 (chapters/chapter001.tex
Rozdzia\l  1.
)

[6



]
\openout2 = `chapters/chapter002.aux'.

 (chapters/chapter002.tex
Rozdzia\l  2.
LaTeX Font Info:    Trying to load font information for TS1+ptm on input line 16.
(D:\Apps\MIKTeX\tex/latex/psnfss\ts1ptm.fd
File: ts1ptm.fd 2001/06/04 font definitions for TS1/ptm.
))

[7




]
\openout2 = `chapters/chapter003.aux'.

 (chapters/chapter003.tex
Rozdzia\l  3.
<figures/Structure.png, id=158, 288.3272pt x 697.10437pt>
File: figures/Structure.png Graphic file (type png)
<use figures/Structure.png>
Package pdftex.def Info: figures/Structure.png  used on input line 8.
(pdftex.def)             Requested size: 213.39568pt x 515.95552pt.
<figures/Database.png, id=160, 660.96938pt x 667.74469pt>
File: figures/Database.png Graphic file (type png)
<use figures/Database.png>
Package pdftex.def Info: figures/Database.png  used on input line 13.
(pdftex.def)             Requested size: 341.43437pt x 344.94691pt.

LaTeX Warning: `!h' float specifier changed to `!ht'.

LaTeX Font Info:    Trying to load font information for T1+pcr on input line 19.
(D:\Apps\MIKTeX\tex/latex/psnfss\t1pcr.fd
File: t1pcr.fd 2001/06/04 font definitions for T1/pcr.
) (D:\Apps\MIKTeX\tex/latex/listings\lstlang1.sty
File: lstlang1.sty 2024/09/23 1.10c listings language file
)
Underfull \vbox (badness 10000) has occurred while \output is active []



[8




 <./figures/Structure.png>]
Package hyperref Info: bookmark level for unknown lstlisting defaults to 0 on input line 21.
 (src/Main.java)

Package babel Info: 'polish' activates 'polish' shorthands.
(babel)             Reported  on input line 25.
[9 <./figures/Database.png>] (src/HibernateUtil.java) (src/AuthService.java) (src/AuthService.java

[10])
<figures/ControllersMethods.png, id=244, 618.05907pt x 417.05812pt>
File: figures/ControllersMethods.png Graphic file (type png)
<use figures/ControllersMethods.png>
Package pdftex.def Info: figures/ControllersMethods.png  used on input line 37.
(pdftex.def)             Requested size: 341.43437pt x 230.40088pt.
 (src/LoginController.java

[11 <./figures/ControllersMethods.png>]
Underfull \vbox (badness 10000) has occurred while \output is active []



[12]) (src/RegisterController.java

[13]) (src/TournamentSelectionController.java

[14]
Underfull \vbox (badness 10000) has occurred while \output is active []



[15]
Underfull \vbox (badness 10000) has occurred while \output is active []



[16]
Underfull \vbox (badness 10000) has occurred while \output is active []



[17]
Underfull \vbox (badness 10000) has occurred while \output is active []



[18]
Underfull \vbox (badness 10000) has occurred while \output is active []



[19]
Underfull \vbox (badness 10000) has occurred while \output is active []



[20])
<figures/Classes.png, id=772, 500.62032pt x 423.08063pt>
File: figures/Classes.png Graphic file (type png)
<use figures/Classes.png>
Package pdftex.def Info: figures/Classes.png  used on input line 54.
(pdftex.def)             Requested size: 341.43437pt x 288.56253pt.
 (src/Tournaments.java

[21 <./figures/Classes.png>]))

[22]
\openout2 = `chapters/chapter004.aux'.

 (chapters/chapter004.tex
Rozdzia\l  4.
<figures/Gantt.png, id=830, 540.51938pt x 415.5525pt>
File: figures/Gantt.png Graphic file (type png)
<use figures/Gantt.png>
Package pdftex.def Info: figures/Gantt.png  used on input line 10.
(pdftex.def)             Requested size: 341.43437pt x 262.50328pt.

Package hyperref Warning: Difference (2) between bookmark levels is greater 
(hyperref)                than one, level fixed on input line 14.

)

[23




 <./figures/Gantt.png>]
\openout2 = `chapters/chapter005.aux'.

 (chapters/chapter005.tex
Rozdzia\l  5.
<figures/Welcome.png, id=839, 453.19313pt x 325.215pt>
File: figures/Welcome.png Graphic file (type png)
<use figures/Welcome.png>
Package pdftex.def Info: figures/Welcome.png  used on input line 9.
(pdftex.def)             Requested size: 213.39568pt x 153.13393pt.
<figures/Login1.png, id=840, 244.66406pt x 196.48407pt>
File: figures/Login1.png Graphic file (type png)
<use figures/Login1.png>
Package pdftex.def Info: figures/Login1.png  used on input line 17.
(pdftex.def)             Requested size: 213.39568pt x 171.37747pt.
<figures/FailedLogin1.png, id=841, 272.51813pt x 134.00063pt>
File: figures/FailedLogin1.png Graphic file (type png)
<use figures/FailedLogin1.png>
Package pdftex.def Info: figures/FailedLogin1.png  used on input line 24.
(pdftex.def)             Requested size: 179.2534pt x 88.14009pt.
<figures/FailedLoginData.png, id=842, 272.51813pt x 134.00063pt>
File: figures/FailedLoginData.png Graphic file (type png)
<use figures/FailedLoginData.png>
Package pdftex.def Info: figures/FailedLoginData.png  used on input line 29.
(pdftex.def)             Requested size: 179.2534pt x 88.14009pt.
<figures/SuccesLogin.png, id=843, 272.51813pt x 134.00063pt>
File: figures/SuccesLogin.png Graphic file (type png)
<use figures/SuccesLogin.png>
Package pdftex.def Info: figures/SuccesLogin.png  used on input line 34.
(pdftex.def)             Requested size: 179.2534pt x 88.14009pt.

Underfull \hbox (badness 1264) in paragraph at lines 37--37
[]\T1/ptm/b/n/9 Rys. 5.3. |\T1/ptm/m/n/9 Bªedne i Udane lo-go-wa-nia: [](a[])[] Empty fields er-ror, [](b[])[] In-va-lid lo-gin
 []


Underfull \vbox (badness 10000) has occurred while \output is active []



[24




 <./figures/Welcome.png> <./figures/Login1.png>]
<figures/Register1.png, id=858, 185.19188pt x 225.84375pt>
File: figures/Register1.png Graphic file (type png)
<use figures/Register1.png>
Package pdftex.def Info: figures/Register1.png  used on input line 43.
(pdftex.def)             Requested size: 170.71393pt x 208.18884pt.
<figures/Register2.png, id=859, 185.19188pt x 225.84375pt>
File: figures/Register2.png Graphic file (type png)
<use figures/Register2.png>
Package pdftex.def Info: figures/Register2.png  used on input line 48.
(pdftex.def)             Requested size: 170.71393pt x 208.18884pt.
<figures/ErrorFields.png, id=860, 340.27126pt x 201.75375pt>
File: figures/ErrorFields.png Graphic file (type png)
<use figures/ErrorFields.png>
Package pdftex.def Info: figures/ErrorFields.png  used on input line 54.
(pdftex.def)             Requested size: 149.37631pt x 88.56874pt.
<figures/ErrorCode.png, id=861, 353.06906pt x 204.01219pt>
File: figures/ErrorCode.png Graphic file (type png)
<use figures/ErrorCode.png>
Package pdftex.def Info: figures/ErrorCode.png  used on input line 59.
(pdftex.def)             Requested size: 149.37631pt x 86.31335pt.
<figures/ErrorExist.png, id=862, 272.51813pt x 134.00063pt>
File: figures/ErrorExist.png Graphic file (type png)
<use figures/ErrorExist.png>
Package pdftex.def Info: figures/ErrorExist.png  used on input line 64.
(pdftex.def)             Requested size: 149.37631pt x 73.44905pt.
<figures/SuccesRegister.png, id=863, 328.22626pt x 202.50656pt>
File: figures/SuccesRegister.png Graphic file (type png)
<use figures/SuccesRegister.png>
Package pdftex.def Info: figures/SuccesRegister.png  used on input line 69.
(pdftex.def)             Requested size: 149.37631pt x 92.16225pt.

Overfull \hbox (1.90002pt too wide) in paragraph at lines 52--72
[][] []
 []


Overfull \hbox (1.90002pt too wide) in paragraph at lines 52--72
[] [] 
 []


Underfull \vbox (badness 3128) has occurred while \output is active []



[25 <./figures/FailedLogin1.png> <./figures/FailedLoginData.png> <./figures/SuccesLogin.png> <./figures/Register1.png>]
<figures/UserInterface.png, id=883, 453.19313pt x 325.215pt>
File: figures/UserInterface.png Graphic file (type png)
<use figures/UserInterface.png>
Package pdftex.def Info: figures/UserInterface.png  used on input line 78.
(pdftex.def)             Requested size: 170.71393pt x 122.50615pt.
<figures/AdminInterface.png, id=884, 453.19313pt x 325.215pt>
File: figures/AdminInterface.png Graphic file (type png)
<use figures/AdminInterface.png>
Package pdftex.def Info: figures/AdminInterface.png  used on input line 83.
(pdftex.def)             Requested size: 170.71393pt x 122.50615pt.

Underfull \vbox (badness 10000) has occurred while \output is active []



[26 <./figures/Register2.png> <./figures/ErrorFields.png> <./figures/ErrorCode.png> <./figures/ErrorExist.png> <./figures/SuccesRegister.png>]
<figures/Chosen.png, id=895, 453.19313pt x 325.215pt>
File: figures/Chosen.png Graphic file (type png)
<use figures/Chosen.png>
Package pdftex.def Info: figures/Chosen.png  used on input line 88.
(pdftex.def)             Requested size: 170.71393pt x 122.50615pt.
<figures/IfPressStart.png, id=896, 453.19313pt x 325.215pt>
File: figures/IfPressStart.png Graphic file (type png)
<use figures/IfPressStart.png>
Package pdftex.def Info: figures/IfPressStart.png  used on input line 93.
(pdftex.def)             Requested size: 170.71393pt x 122.50615pt.
<figures/Removing.png, id=897, 453.19313pt x 325.215pt>
File: figures/Removing.png Graphic file (type png)
<use figures/Removing.png>
Package pdftex.def Info: figures/Removing.png  used on input line 98.
(pdftex.def)             Requested size: 170.71393pt x 122.50615pt.
<figures/Add.png, id=898, 313.17pt x 290.58563pt>
File: figures/Add.png Graphic file (type png)
<use figures/Add.png>
Package pdftex.def Info: figures/Add.png  used on input line 103.
(pdftex.def)             Requested size: 170.71393pt x 158.40814pt.

Underfull \vbox (badness 10000) has occurred while \output is active []



[27 <./figures/Chosen.png> <./figures/IfPressStart.png> <./figures/UserInterface.png> <./figures/AdminInterface.png>]
<figures/AddOffline.png, id=912, 197.23688pt x 274.02374pt>
File: figures/AddOffline.png Graphic file (type png)
<use figures/AddOffline.png>
Package pdftex.def Info: figures/AddOffline.png  used on input line 109.
(pdftex.def)             Requested size: 102.43134pt x 142.30919pt.
<figures/SelectingData.png, id=913, 197.23688pt x 274.02374pt>
File: figures/SelectingData.png Graphic file (type png)
<use figures/SelectingData.png>
Package pdftex.def Info: figures/SelectingData.png  used on input line 114.
(pdftex.def)             Requested size: 102.43134pt x 142.30919pt.
<figures/SelectingOrganizer.png, id=914, 197.23688pt x 274.02374pt>
File: figures/SelectingOrganizer.png Graphic file (type png)
<use figures/SelectingOrganizer.png>
Package pdftex.def Info: figures/SelectingOrganizer.png  used on input line 119.
(pdftex.def)             Requested size: 102.43134pt x 142.30919pt.

Underfull \hbox (badness 1389) in paragraph at lines 120--120
[]\T1/ptm/m/n/8 (c) |Mo-»esz wy-bra¢ or-ga-ni-za-tora tur-
 []

<figures/Edit.png, id=921, 457.71pt x 292.09125pt>
File: figures/Edit.png Graphic file (type png)
<use figures/Edit.png>
Package pdftex.def Info: figures/Edit.png  used on input line 127.
(pdftex.def)             Requested size: 204.8627pt x 130.73564pt.
<figures/Edited.png, id=922, 453.19313pt x 325.215pt>
File: figures/Edited.png Graphic file (type png)
<use figures/Edited.png>
Package pdftex.def Info: figures/Edited.png  used on input line 132.
(pdftex.def)             Requested size: 204.8627pt x 147.01035pt.

Overfull \hbox (87.26349pt too wide) in paragraph at lines 125--135
[][] [] 
 []


Underfull \vbox (badness 10000) has occurred while \output is active []



[28 <./figures/Add.png> <./figures/Removing.png> <./figures/AddOffline.png> <./figures/SelectingData.png> <./figures/SelectingOrganizer.png>]
File: figures/Chosen.png Graphic file (type png)
<use figures/Chosen.png>
Package pdftex.def Info: figures/Chosen.png  used on input line 142.
(pdftex.def)             Requested size: 204.8627pt x 147.01035pt.
<figures/Info.png, id=940, 302.63063pt x 249.93375pt>
File: figures/Info.png Graphic file (type png)
<use figures/Info.png>
Package pdftex.def Info: figures/Info.png  used on input line 147.
(pdftex.def)             Requested size: 179.2534pt x 148.0393pt.

Overfull \hbox (87.26349pt too wide) in paragraph at lines 140--150
[][] [] 
 []

)

[29 <./figures/Edit.png> <./figures/Edited.png> <./figures/Info.png>]
\openout2 = `chapters/chapter006.aux'.

 (chapters/chapter006.tex
Rozdzia\l  6.
)

[30




]

Package hyperref Warning: The anchor of a bookmark and its parent's must not
(hyperref)                be the same. Added a new anchor on input line 200.

(praca.lof)
\tf@lof=\write5
\openout5 = `praca.lof'.



[31



] (praca.lol)
\tf@lol=\write6
\openout6 = `praca.lol'.



[32



]
<appendix/oswiadczenie.pdf, id=1018, 2052.89456pt x 2983.34987pt>
File: appendix/oswiadczenie.pdf Graphic file (type pdf)
<use appendix/oswiadczenie.pdf>
Package pdftex.def Info: appendix/oswiadczenie.pdf  used on input line 215.
(pdftex.def)             Requested size: 2052.88957pt x 2983.34264pt.
<appendix/oswiadczenie.pdf, id=1020, page=1, 2052.89456pt x 2983.34987pt>
File: appendix/oswiadczenie.pdf Graphic file (type pdf)
<use appendix/oswiadczenie.pdf, page 1>
Package pdftex.def Info: appendix/oswiadczenie.pdf , page1 used on input line 215.
(pdftex.def)             Requested size: 2052.88957pt x 2983.34264pt.
File: appendix/oswiadczenie.pdf Graphic file (type pdf)
<use appendix/oswiadczenie.pdf, page 1>
Package pdftex.def Info: appendix/oswiadczenie.pdf , page1 used on input line 215.
(pdftex.def)             Requested size: 581.54135pt x 845.11957pt.
File: appendix/oswiadczenie.pdf Graphic file (type pdf)
<use appendix/oswiadczenie.pdf, page 1>
Package pdftex.def Info: appendix/oswiadczenie.pdf , page1 used on input line 215.
(pdftex.def)             Requested size: 581.54135pt x 845.11957pt.
File: appendix/oswiadczenie.pdf Graphic file (type pdf)
<use appendix/oswiadczenie.pdf, page 1>
Package pdftex.def Info: appendix/oswiadczenie.pdf , page1 used on input line 215.
(pdftex.def)             Requested size: 581.54135pt x 845.11957pt.


File: appendix/oswiadczenie.pdf Graphic file (type pdf)
<use appendix/oswiadczenie.pdf, page 1>
Package pdftex.def Info: appendix/oswiadczenie.pdf , page1 used on input line 215.
(pdftex.def)             Requested size: 581.54135pt x 845.11957pt.
[33


 <./appendix/oswiadczenie.pdf>] (praca.aux (chapters/chapter001.aux) (chapters/chapter002.aux) (chapters/chapter003.aux) (chapters/chapter004.aux) (chapters/chapter005.aux) (chapters/chapter006.aux))
 ***********
LaTeX2e <2025-06-01>
L3 programming layer <2024-01-04>
 ***********


LaTeX Warning: There were multiply-defined labels.

Package rerunfilecheck Info: File `praca.out' has not changed.
(rerunfilecheck)             Checksum: 439C3C21B29646E5129C4C846E19C2B4;3713.
 ) 
Here is how much of TeX's memory you used:
 23481 strings out of 472128
 442819 string characters out of 5699501
 2678687 words of memory out of 5000000
 47029 multiletter control sequences out of 15000+600000
 624507 words of font info for 92 fonts, out of 8000000 for 9000
 1141 hyphenation exceptions out of 8191
 88i,17n,94p,838b,2719s stack positions out of 10000i,1000n,20000p,200000b,200000s
<D:/Apps/MIKTeX/fonts/type1/urw/courier/ucrr8a.pfb><D:/Apps/MIKTeX/fonts/type1/urw/helvetic/uhvb8a.pfb><D:/Apps/MIKTeX/fonts/type1/urw/helvetic/uhvr8a.pfb><D:/Apps/MIKTeX/fonts/type1/urw/helvetic/uhvro8a.pfb><D:/Apps/MIKTeX/fonts/type1/urw/times/utmb8a.pfb><D:/Apps/MIKTeX/fonts/type1/urw/times/utmr8a.pfb><D:/Apps/MIKTeX/fonts/type1/urw/times/utmr8a.pfb><D:/Apps/MIKTeX/fonts/type1/urw/times/utmri8a.pfb>
Output written on praca.pdf (31 pages, 6480407 bytes).
PDF statistics:
 1203 PDF objects out of 1440 (max. 8388607)
 670 named destinations out of 1000 (max. 500000)
 369 words of extra memory for PDF output out of 10000 (max. 10000000)

