\BOOKMARK [0][-]{chapter.1}{\376\377\000S\000t\000r\000e\000s\000z\000c\000z\000e\000n\000i\000e}{}% 1
\BOOKMARK [0][-]{chapter.2}{\376\377\000O\000p\000i\000s\000\040\000z\000a\001\102\000o\001\174\000e\001\104\000\040\000P\000r\000o\000j\000e\000k\000t\000u}{}% 2
\BOOKMARK [1][-]{section.2.1}{\376\377\000C\000e\000l\000,\000\040\000p\000r\000o\000b\000l\000e\000m\000,\000\040\000k\000r\000o\000k\000i\000\040\000r\000e\000a\000l\000i\000z\000a\000c\000j\000i\000\040\000p\000r\000o\000j\000e\000k\000t\000u}{chapter.2}% 3
\BOOKMARK [1][-]{section.2.2}{\376\377\000W\000y\000m\000a\000g\000a\000n\000i\000a\000:}{chapter.2}% 4
\BOOKMARK [2][-]{subsection.2.2.1}{\376\377\000F\000u\000n\000k\000c\000j\000o\000n\000a\000l\000n\000e}{section.2.2}% 5
\BOOKMARK [2][-]{subsection.2.2.2}{\376\377\000N\000i\000e\000f\000u\000n\000k\000c\000j\000o\000n\000a\000l\000n\000e}{section.2.2}% 6
\BOOKMARK [0][-]{chapter.3}{\376\377\000O\000p\000i\000s\000\040\000s\000t\000r\000u\000k\000t\000u\000r\000y\000\040\000P\000r\000o\000j\000e\000k\000t\000u}{}% 7
\BOOKMARK [1][-]{section.3.1}{\376\377\000C\000a\001\102\000a\000\040\000S\000t\000r\000u\000k\000t\000u\000r\000a\000\040\000P\000r\000o\000j\000e\000k\000t\000u}{chapter.3}% 8
\BOOKMARK [2][-]{subsection.3.1.1}{\376\377\000M\000a\000i\000n}{section.3.1}% 9
\BOOKMARK [2][-]{subsection.3.1.2}{\376\377\000U\000t\000i\000l\000\040\000a\000n\000d\000\040\000S\000e\000r\000v\000i\000c\000e}{section.3.1}% 10
\BOOKMARK [2][-]{subsection.3.1.3}{\376\377\000C\000o\000n\000t\000r\000o\000l\000l\000e\000r\000s}{section.3.1}% 11
\BOOKMARK [2][-]{subsection.3.1.4}{\376\377\000M\000o\000d\000e\000l\000s}{section.3.1}% 12
\BOOKMARK [2][-]{subsection.3.1.5}{\376\377\000R\000e\000s\000o\000u\000r\000c\000e\000s}{section.3.1}% 13
\BOOKMARK [1][-]{section.3.2}{\376\377\000W\000y\000k\000o\000r\000z\000y\000s\000t\000a\000n\000e\000\040\000T\000e\000c\000h\000n\000o\000l\000o\000g\000i\000e}{chapter.3}% 14
\BOOKMARK [2][-]{subsection.3.2.1}{\376\377\000W\000y\000m\000a\000g\000a\000n\000i\000a\000\040\000s\000p\000r\000z\001\031\000t\000o\000w\000e}{section.3.2}% 15
\BOOKMARK [0][-]{chapter.4}{\376\377\000H\000a\000r\000m\000o\000n\000o\000g\000r\000a\000m\000\040\000R\000e\000a\000l\000i\000z\000a\000c\000j\000i\000\040\000P\000r\000o\000j\000e\000k\000t\000u}{}% 16
\BOOKMARK [1][-]{subsection.4.0.1}{\376\377\000R\000e\000p\000o\000z\000y\000t\000o\000r\000i\000u\000m}{chapter.4}% 17
\BOOKMARK [0][-]{chapter.5}{\376\377\000P\000r\000e\000z\000e\000n\000t\000a\000c\000j\000a\000\040\000w\000a\000r\000s\000t\000w\000y\000\040\000u\001\174\000y\000t\000k\000o\000w\000e\000j\000\040\000p\000r\000o\000j\000e\000k\000t\000u}{}% 18
\BOOKMARK [1][-]{section.5.1}{\376\377\000W\000e\000l\000c\000o\000m\000e\000.\000f\000x\000m\000l}{chapter.5}% 19
\BOOKMARK [1][-]{section.5.2}{\376\377\000L\000o\000g\000i\000n\000.\000f\000x\000m\000l}{chapter.5}% 20
\BOOKMARK [1][-]{section.5.3}{\376\377\000R\000e\000g\000i\000s\000t\000e\000r\000.\000f\000x\000m\000l}{chapter.5}% 21
\BOOKMARK [1][-]{section.5.4}{\376\377\000T\000o\000u\000r\000n\000a\000m\000e\000n\000t\000S\000e\000l\000e\000c\000t\000i\000o\000n\000.\000f\000x\000m\000l}{chapter.5}% 22
\BOOKMARK [1][-]{section.5.5}{\376\377\000T\000o\000u\000r\000n\000a\000m\000e\000n\000t\000I\000n\000f\000o\000.\000f\000x\000m\000l}{chapter.5}% 23
\BOOKMARK [0][-]{chapter.6}{\376\377\000P\000o\000d\000s\000u\000m\000o\000w\000a\000n\000i\000e}{}% 24
\BOOKMARK [1][-]{section*.21}{\376\377\000S\000p\000i\000s\000\040\000r\000y\000s\000u\000n\000k\000\363\000w}{chapter.6}% 25
\BOOKMARK [1][-]{section*.21}{\376\377\000S\000p\000i\000s\000\040\000l\000i\000s\000t\000i\000n\000g\000\363\000w}{chapter.6}% 26
